20
normal-1
opening
0 %  10 %  20 %  30 %  40 %  50 %  60 %  70 %  80 %  90 %  100 %  

              selected frames number =  1852 


trans...
AVG SPLIT LEN:  3.65285996055
normal-3
opening
0 %  10 %  20 %  30 %  40 %  50 %  60 %  70 %  80 %  90 %  100 %  

              selected frames number =  1495 


trans...
AVG SPLIT LEN:  3.56801909308
normal-2
opening
0 %  10 %  20 %  30 %  40 %  50 %  60 %  70 %  80 %  90 %  100 %  

              selected frames number =  1553 


trans...
AVG SPLIT LEN:  3.42825607064
reading valid...
opening
0 %  10 %  20 %  30 %  40 %  50 %  60 %  70 %  80 %  90 %  100 %  

              selected frames number =  1541 


trans...
AVG SPLIT LEN:  3.59207459207
reading test...
opening
0 %  10 %  20 %  30 %  40 %  50 %  60 %  70 %  80 %  90 %  100 %  

              selected frames number =  1513 


trans...
AVG SPLIT LEN:  3.26077586207
150.884213013
-0.191 0.928 20.007 493.286
150.588952759
153.075295357
157.725847664
153.982362766
11949
987051
0 1 2 3 ... building the model
Shape.0
finished reading 39.2513333333 minutes 
... training
 1) err 13.48  330 [18, 40, 15] 100 | 5 5 1 1000
     epoch 1, minibatch 1152/1152, test error of best model 13.420833 %
 2) err 13.10  330 [18, 40, 15] 100 | 5 5 1 1000
     epoch 2, minibatch 1152/1152, test error of best model 13.050000 %
 3) err 12.95  330 [18, 40, 15] 100 | 5 5 1 1000
     epoch 3, minibatch 1152/1152, test error of best model 13.045833 %
 4) err 12.99  330 [18, 40, 15] 100 | 5 5 1 1000
 5) err 12.90  330 [18, 40, 15] 100 | 5 5 1 1000
     epoch 5, minibatch 1152/1152, test error of best model 13.137500 %
 6) err 12.92  330 [18, 40, 15] 100 | 5 5 1 1000
 7) err 12.84  330 [18, 40, 15] 100 | 5 5 1 1000
     epoch 7, minibatch 1152/1152, test error of best model 13.083333 %
 8) err 12.83  330 [18, 40, 15] 100 | 5 5 1 1000
     epoch 8, minibatch 1152/1152, test error of best model 13.029167 %
 9) err 12.82  330 [18, 40, 15] 100 | 5 5 1 1000
     epoch 9, minibatch 1152/1152, test error of best model 12.929167 %
 10) err 12.83  330 [18, 40, 15] 100 | 5 5 1 1000
 11) err 12.84  330 [18, 40, 15] 100 | 5 5 1 1000
 12) err 12.82  330 [18, 40, 15] 100 | 5 5 1 1000
     epoch 12, minibatch 1152/1152, test error of best model 12.975000 %
 13) err 12.80  330 [18, 40, 15] 100 | 5 5 1 1000
     epoch 13, minibatch 1152/1152, test error of best model 13.012500 %
 14) err 12.68  330 [18, 40, 15] 100 | 5 5 1 1000
     epoch 14, minibatch 1152/1152, test error of best model 12.908333 %
 15) err 12.62  330 [18, 40, 15] 100 | 5 5 1 1000
     epoch 15, minibatch 1152/1152, test error of best model 12.733333 %
 16) err 12.63  330 [18, 40, 15] 100 | 5 5 1 1000
 17) err 12.53  330 [18, 40, 15] 100 | 5 5 1 1000
     epoch 17, minibatch 1152/1152, test error of best model 12.775000 %
 18) err 12.54  330 [18, 40, 15] 100 | 5 5 1 1000
 19) err 12.55  330 [18, 40, 15] 100 | 5 5 1 1000
 20) err 12.64  330 [18, 40, 15] 100 | 5 5 1 1000
finished learning 745.349166667 minutes 
DELTAshift: 89.6153846154
1 / 14    2 / 14    3 / 14    4 / 14    5 / 14    6 / 14    7 / 14    8 / 14    9 / 14    10 / 14    11 / 14    12 / 14    13 / 14    14 / 14    Finished 0
DELTAshift: 91.0
1 / 14    2 / 14    3 / 14    4 / 14    5 / 14    6 / 14    7 / 14    8 / 14    9 / 14    10 / 14    11 / 14    12 / 14    13 / 14    14 / 14    Finished 1
DELTAshift: 93.1538461538
1 / 14    2 / 14    3 / 14    4 / 14    5 / 14    6 / 14    7 / 14    8 / 14    9 / 14    10 / 14    11 / 14    12 / 14    13 / 14    14 / 14    Finished 2
DELTAshift: 94.0769230769
1 / 14    2 / 14    3 / 14    4 / 14    5 / 14    6 / 14    7 / 14    8 / 14    9 / 14    10 / 14    11 / 14    12 / 14    13 / 14    14 / 14    Finished 3
finished predicting 112.717833333 minutes  [18, 40, 15] using SEED =  888
The code for file dziala.py ran for 897.32m
Wrote solution of VER == 3 to: 3293
RES: 93.87 learning (93.89, 93.84)
