20
normal-1
opening
0 %  10 %  20 %  30 %  40 %  50 %  60 %  70 %  80 %  90 %  100 %  

              selected frames number =  1852 


trans...
AVG SPLIT LEN:  3.65285996055
normal-3
opening
0 %  10 %  20 %  30 %  40 %  50 %  60 %  70 %  80 %  90 %  100 %  

              selected frames number =  1495 


trans...
AVG SPLIT LEN:  3.56801909308
normal-2
opening
0 %  10 %  20 %  30 %  40 %  50 %  60 %  70 %  80 %  90 %  100 %  

              selected frames number =  1553 


trans...
AVG SPLIT LEN:  3.42825607064
reading valid...
opening
0 %  10 %  20 %  30 %  40 %  50 %  60 %  70 %  80 %  90 %  100 %  

              selected frames number =  1541 


trans...
AVG SPLIT LEN:  3.59207459207
reading test...
opening
0 %  10 %  20 %  30 %  40 %  50 %  60 %  70 %  80 %  90 %  100 %  

              selected frames number =  1513 


trans...
AVG SPLIT LEN:  3.26077586207
150.884213013
-0.191 0.928 20.007 493.286
150.588952759
153.075295357
157.725847664
153.982362766
11949
987051
0 1 2 3 ... building the model
Shape.0
finished reading 39.0766666667 minutes 
... training
 1) err 13.90  330 [18, 40, 15] 100 | 5 5 1 1000
     epoch 1, minibatch 1152/1152, test error of best model 13.658333 %
 2) err 13.58  330 [18, 40, 15] 100 | 5 5 1 1000
     epoch 2, minibatch 1152/1152, test error of best model 13.270833 %
 3) err 13.35  330 [18, 40, 15] 100 | 5 5 1 1000
     epoch 3, minibatch 1152/1152, test error of best model 13.066667 %
 4) err 13.16  330 [18, 40, 15] 100 | 5 5 1 1000
     epoch 4, minibatch 1152/1152, test error of best model 12.929167 %
 5) err 12.98  330 [18, 40, 15] 100 | 5 5 1 1000
     epoch 5, minibatch 1152/1152, test error of best model 12.787500 %
 6) err 13.01  330 [18, 40, 15] 100 | 5 5 1 1000
 7) err 12.89  330 [18, 40, 15] 100 | 5 5 1 1000
     epoch 7, minibatch 1152/1152, test error of best model 12.670833 %
 8) err 12.90  330 [18, 40, 15] 100 | 5 5 1 1000
 9) err 12.89  330 [18, 40, 15] 100 | 5 5 1 1000
 10) err 12.92  330 [18, 40, 15] 100 | 5 5 1 1000
 11) err 12.88  330 [18, 40, 15] 100 | 5 5 1 1000
     epoch 11, minibatch 1152/1152, test error of best model 12.666667 %
 12) err 12.88  330 [18, 40, 15] 100 | 5 5 1 1000
     epoch 12, minibatch 1152/1152, test error of best model 12.620833 %
 13) err 12.85  330 [18, 40, 15] 100 | 5 5 1 1000
     epoch 13, minibatch 1152/1152, test error of best model 12.662500 %
 14) err 12.81  330 [18, 40, 15] 100 | 5 5 1 1000
     epoch 14, minibatch 1152/1152, test error of best model 12.670833 %
 15) err 12.80  330 [18, 40, 15] 100 | 5 5 1 1000
     epoch 15, minibatch 1152/1152, test error of best model 12.658333 %
 16) err 12.82  330 [18, 40, 15] 100 | 5 5 1 1000
 17) err 12.77  330 [18, 40, 15] 100 | 5 5 1 1000
     epoch 17, minibatch 1152/1152, test error of best model 12.529167 %
 18) err 12.87  330 [18, 40, 15] 100 | 5 5 1 1000
 19) err 12.79  330 [18, 40, 15] 100 | 5 5 1 1000
 20) err 12.75  330 [18, 40, 15] 100 | 5 5 1 1000
     epoch 20, minibatch 1152/1152, test error of best model 12.516667 %
finished learning 745.536666667 minutes 
DELTAshift: 89.6153846154
1 / 14    2 / 14    3 / 14    4 / 14    5 / 14    6 / 14    7 / 14    8 / 14    9 / 14    10 / 14    11 / 14    12 / 14    13 / 14    14 / 14    Finished 0
DELTAshift: 91.0
1 / 14    2 / 14    3 / 14    4 / 14    5 / 14    6 / 14    7 / 14    8 / 14    9 / 14    10 / 14    11 / 14    12 / 14    13 / 14    14 / 14    Finished 1
DELTAshift: 93.1538461538
1 / 14    2 / 14    3 / 14    4 / 14    5 / 14    6 / 14    7 / 14    8 / 14    9 / 14    10 / 14    11 / 14    12 / 14    13 / 14    14 / 14    Finished 2
DELTAshift: 94.0769230769
1 / 14    2 / 14    3 / 14    4 / 14    5 / 14    6 / 14    7 / 14    8 / 14    9 / 14    10 / 14    11 / 14    12 / 14    13 / 14    14 / 14    Finished 3
finished predicting 112.719166667 minutes  [18, 40, 15] using SEED =  8001
The code for file dziala.py ran for 897.33m
Wrote solution of VER == 1 to: 7038
RES: 93.90 learning (93.92, 93.88)
