20
normal-1
opening
0 %  10 %  20 %  30 %  40 %  50 %  60 %  70 %  80 %  90 %  100 %  

              selected frames number =  1852 


trans...
AVG SPLIT LEN:  3.65285996055
normal-3
opening
0 %  10 %  20 %  30 %  40 %  50 %  60 %  70 %  80 %  90 %  100 %  

              selected frames number =  1495 


trans...
AVG SPLIT LEN:  3.56801909308
normal-2
opening
0 %  10 %  20 %  30 %  40 %  50 %  60 %  70 %  80 %  90 %  100 %  

              selected frames number =  1553 


trans...
AVG SPLIT LEN:  3.42825607064
reading valid...
opening
0 %  10 %  20 %  30 %  40 %  50 %  60 %  70 %  80 %  90 %  100 %  

              selected frames number =  1541 


trans...
AVG SPLIT LEN:  3.59207459207
reading test...
opening
0 %  10 %  20 %  30 %  40 %  50 %  60 %  70 %  80 %  90 %  100 %  

              selected frames number =  1513 


trans...
AVG SPLIT LEN:  3.26077586207
150.884213013
-0.191 0.928 20.007 493.286
150.588952759
153.075295357
157.725847664
153.982362766
11949
987051
0 1 2 3 ... building the model
Shape.0
finished reading 39.1946666667 minutes 
... training
 1) err 14.05  330 [18, 40, 15] 100 | 5 5 1 1000
     epoch 1, minibatch 1152/1152, test error of best model 14.287500 %
 2) err 13.95  330 [18, 40, 15] 100 | 5 5 1 1000
     epoch 2, minibatch 1152/1152, test error of best model 13.925000 %
 3) err 13.65  330 [18, 40, 15] 100 | 5 5 1 1000
     epoch 3, minibatch 1152/1152, test error of best model 13.679167 %
 4) err 13.28  330 [18, 40, 15] 100 | 5 5 1 1000
     epoch 4, minibatch 1152/1152, test error of best model 13.500000 %
 5) err 12.90  330 [18, 40, 15] 100 | 5 5 1 1000
     epoch 5, minibatch 1152/1152, test error of best model 13.220833 %
 6) err 12.73  330 [18, 40, 15] 100 | 5 5 1 1000
     epoch 6, minibatch 1152/1152, test error of best model 13.054167 %
 7) err 12.79  330 [18, 40, 15] 100 | 5 5 1 1000
 8) err 12.77  330 [18, 40, 15] 100 | 5 5 1 1000
 9) err 12.81  330 [18, 40, 15] 100 | 5 5 1 1000
 10) err 12.79  330 [18, 40, 15] 100 | 5 5 1 1000
 11) err 12.84  330 [18, 40, 15] 100 | 5 5 1 1000
 12) err 12.78  330 [18, 40, 15] 100 | 5 5 1 1000
 13) err 12.68  330 [18, 40, 15] 100 | 5 5 1 1000
     epoch 13, minibatch 1152/1152, test error of best model 12.829167 %
 14) err 12.75  330 [18, 40, 15] 100 | 5 5 1 1000
 15) err 12.78  330 [18, 40, 15] 100 | 5 5 1 1000
 16) err 12.74  330 [18, 40, 15] 100 | 5 5 1 1000
 17) err 12.76  330 [18, 40, 15] 100 | 5 5 1 1000
 18) err 12.76  330 [18, 40, 15] 100 | 5 5 1 1000
 19) err 12.78  330 [18, 40, 15] 100 | 5 5 1 1000
 20) err 12.75  330 [18, 40, 15] 100 | 5 5 1 1000
finished learning 745.2 minutes 
DELTAshift: 89.6153846154
1 / 14    2 / 14    3 / 14    4 / 14    5 / 14    6 / 14    7 / 14    8 / 14    9 / 14    10 / 14    11 / 14    12 / 14    13 / 14    14 / 14    Finished 0
DELTAshift: 91.0
1 / 14    2 / 14    3 / 14    4 / 14    5 / 14    6 / 14    7 / 14    8 / 14    9 / 14    10 / 14    11 / 14    12 / 14    13 / 14    14 / 14    Finished 1
DELTAshift: 93.1538461538
1 / 14    2 / 14    3 / 14    4 / 14    5 / 14    6 / 14    7 / 14    8 / 14    9 / 14    10 / 14    11 / 14    12 / 14    13 / 14    14 / 14    Finished 2
DELTAshift: 94.0769230769
1 / 14    2 / 14    3 / 14    4 / 14    5 / 14    6 / 14    7 / 14    8 / 14    9 / 14    10 / 14    11 / 14    12 / 14    13 / 14    14 / 14    Finished 3
finished predicting 112.685166667 minutes  [18, 40, 15] using SEED =  100
The code for file dziala.py ran for 897.08m
Wrote solution of VER == 6 to: 8138
RES: 93.84 learning (93.85, 93.83)
