20
normal-1
opening
0 %  10 %  20 %  30 %  40 %  50 %  60 %  70 %  80 %  90 %  100 %  

              selected frames number =  1852 


trans...
AVG SPLIT LEN:  3.65285996055
normal-3
opening
0 %  10 %  20 %  30 %  40 %  50 %  60 %  70 %  80 %  90 %  100 %  

              selected frames number =  1495 


trans...
AVG SPLIT LEN:  3.56801909308
normal-2
opening
0 %  10 %  20 %  30 %  40 %  50 %  60 %  70 %  80 %  90 %  100 %  

              selected frames number =  1553 


trans...
AVG SPLIT LEN:  3.42825607064
reading valid...
opening
0 %  10 %  20 %  30 %  40 %  50 %  60 %  70 %  80 %  90 %  100 %  

              selected frames number =  1541 


trans...
AVG SPLIT LEN:  3.59207459207
reading test...
opening
0 %  10 %  20 %  30 %  40 %  50 %  60 %  70 %  80 %  90 %  100 %  

              selected frames number =  1513 


trans...
AVG SPLIT LEN:  3.26077586207
150.884213013
-0.191 0.928 20.007 493.286
150.588952759
153.075295357
157.725847664
153.982362766
11949
987051
0 1 2 3 ... building the model
Shape.0
finished reading 39.2365 minutes 
... training
 1) err 13.33  330 [18, 40, 15] 100 | 5 5 1 1000
     epoch 1, minibatch 1152/1152, test error of best model 13.554167 %
 2) err 13.18  330 [18, 40, 15] 100 | 5 5 1 1000
     epoch 2, minibatch 1152/1152, test error of best model 13.345833 %
 3) err 13.01  330 [18, 40, 15] 100 | 5 5 1 1000
     epoch 3, minibatch 1152/1152, test error of best model 13.237500 %
 4) err 12.94  330 [18, 40, 15] 100 | 5 5 1 1000
     epoch 4, minibatch 1152/1152, test error of best model 13.145833 %
 5) err 12.86  330 [18, 40, 15] 100 | 5 5 1 1000
     epoch 5, minibatch 1152/1152, test error of best model 13.033333 %
 6) err 12.78  330 [18, 40, 15] 100 | 5 5 1 1000
     epoch 6, minibatch 1152/1152, test error of best model 13.008333 %
 7) err 12.76  330 [18, 40, 15] 100 | 5 5 1 1000
     epoch 7, minibatch 1152/1152, test error of best model 12.895833 %
 8) err 12.78  330 [18, 40, 15] 100 | 5 5 1 1000
 9) err 12.76  330 [18, 40, 15] 100 | 5 5 1 1000
 10) err 12.75  330 [18, 40, 15] 100 | 5 5 1 1000
     epoch 10, minibatch 1152/1152, test error of best model 12.854167 %
 11) err 12.67  330 [18, 40, 15] 100 | 5 5 1 1000
     epoch 11, minibatch 1152/1152, test error of best model 12.866667 %
 12) err 12.63  330 [18, 40, 15] 100 | 5 5 1 1000
     epoch 12, minibatch 1152/1152, test error of best model 12.833333 %
 13) err 12.58  330 [18, 40, 15] 100 | 5 5 1 1000
     epoch 13, minibatch 1152/1152, test error of best model 12.854167 %
 14) err 12.57  330 [18, 40, 15] 100 | 5 5 1 1000
     epoch 14, minibatch 1152/1152, test error of best model 12.816667 %
 15) err 12.55  330 [18, 40, 15] 100 | 5 5 1 1000
     epoch 15, minibatch 1152/1152, test error of best model 12.825000 %
 16) err 12.53  330 [18, 40, 15] 100 | 5 5 1 1000
     epoch 16, minibatch 1152/1152, test error of best model 12.804167 %
 17) err 12.61  330 [18, 40, 15] 100 | 5 5 1 1000
 18) err 12.53  330 [18, 40, 15] 100 | 5 5 1 1000
 19) err 12.44  330 [18, 40, 15] 100 | 5 5 1 1000
     epoch 19, minibatch 1152/1152, test error of best model 12.720833 %
 20) err 12.53  330 [18, 40, 15] 100 | 5 5 1 1000
finished learning 746.734 minutes 
DELTAshift: 89.6153846154
1 / 14    2 / 14    3 / 14    4 / 14    5 / 14    6 / 14    7 / 14    8 / 14    9 / 14    10 / 14    11 / 14    12 / 14    13 / 14    14 / 14    Finished 0
DELTAshift: 91.0
1 / 14    2 / 14    3 / 14    4 / 14    5 / 14    6 / 14    7 / 14    8 / 14    9 / 14    10 / 14    11 / 14    12 / 14    13 / 14    14 / 14    Finished 1
DELTAshift: 93.1538461538
1 / 14    2 / 14    3 / 14    4 / 14    5 / 14    6 / 14    7 / 14    8 / 14    9 / 14    10 / 14    11 / 14    12 / 14    13 / 14    14 / 14    Finished 2
DELTAshift: 94.0769230769
1 / 14    2 / 14    3 / 14    4 / 14    5 / 14    6 / 14    7 / 14    8 / 14    9 / 14    10 / 14    11 / 14    12 / 14    13 / 14    14 / 14    Finished 3
finished predicting 112.515666667 minutes  [18, 40, 15] using SEED =  80801
The code for file dziala.py ran for 898.49m
Wrote solution of VER == 8 to: 2474
RES: 93.85 learning (93.86, 93.84)
